2015-08-19T15:04:52.277Z - info: started
2015-08-19T15:08:37.582Z - info:  id=1439996904931/managers vs leaders.jpeg, url=https://s3-ap-northeast-1.amazonaws.com/complaindia.com/1439996904931/managers%20vs%20leaders.jpeg?AWSAccessKeyId=AKIAIESZWA4O2NVRCHHQ&Expires=1439997817&Signature=W%2Bu4KAzV%2FFYwEo4%2Bg8lw3KeTP8k%3D
2015-08-19T15:35:18.120Z - info: started
2015-08-19T19:27:45.239Z - info: started
2015-08-19T20:26:22.698Z - info: started
2015-08-19T20:29:05.528Z - info: started
2015-08-20T18:19:48.635Z - info: started
2015-08-20T18:21:09.001Z - info: started
2015-08-20T19:28:04.327Z - info: started
2015-08-20T19:29:00.999Z - info:  id=1440098938936/managers vs leaders.jpeg, url=https://s3-ap-northeast-1.amazonaws.com/complaindia.com/1440098938936/managers%20vs%20leaders.jpeg?AWSAccessKeyId=AKIAIESZWA4O2NVRCHHQ&Expires=1440099840&Signature=%2FLa0iVMyMoOZ2FQqPghgTAufP6s%3D
2015-08-20T19:35:40.314Z - info:  id=1440099338295/RoyReid.ca-Procrasturbation-404.jpg, url=https://s3-ap-northeast-1.amazonaws.com/complaindia.com/1440099338295/RoyReid.ca-Procrasturbation-404.jpg?AWSAccessKeyId=AKIAIESZWA4O2NVRCHHQ&Expires=1440100240&Signature=PL%2Bg3vpL7pGBThK0i4zM%2FbvHRNk%3D
2015-08-20T19:43:23.511Z - info:  id=1440099801543/stand-up-04.jpg, url=https://s3-ap-northeast-1.amazonaws.com/complaindia.com/1440099801543/stand-up-04.jpg?AWSAccessKeyId=AKIAIESZWA4O2NVRCHHQ&Expires=1440100703&Signature=SkdK%2Bqyq7NeAmEWo%2BhAUSLIOyYg%3D
2015-08-20T19:47:00.544Z - info: started
2015-08-20T19:47:32.896Z - info:  id=1440100050358/RoyReid.ca-Procrasturbation-404.jpg, url=https://s3-ap-northeast-1.amazonaws.com/complaindia.com/1440100050358/RoyReid.ca-Procrasturbation-404.jpg?AWSAccessKeyId=AKIAIESZWA4O2NVRCHHQ&Expires=1440100952&Signature=NqWosTKnstMzciJklKQkiMFaHLE%3D
2015-08-20T20:44:57.847Z - info: started
2015-08-20T20:49:57.438Z - info: started
2015-08-20T20:50:25.715Z - info: started
2015-08-20T20:50:59.676Z - info: started
2015-08-20T20:52:58.746Z - info: started
2015-08-20T20:55:13.246Z - info: started
2015-08-20T20:57:52.159Z - info: started
2015-08-20T21:00:55.237Z - info: started
2015-08-20T21:06:04.534Z - info: started
2015-08-20T21:11:15.702Z - info: started
2015-08-20T21:12:20.172Z - info: started
2015-08-20T21:13:39.528Z - info: started
2015-08-20T21:15:47.956Z - info: started
2015-08-20T21:17:01.969Z - info: started
2015-08-20T21:19:22.083Z - info: started
2015-08-20T21:34:17.357Z - info: started
2015-08-20T21:38:02.974Z - info:  id=1440106681006/stand-up-04.jpg, url=https://s3-ap-northeast-1.amazonaws.com/complaindia.com/1440106681006/stand-up-04.jpg?AWSAccessKeyId=AKIAIESZWA4O2NVRCHHQ&Expires=1440107582&Signature=vmCKGbdh3NXTNkLANPvT1WMEHcc%3D
2015-08-20T21:46:08.517Z - info: started
2015-08-20T21:47:13.831Z - info:  id=1440107231881/managers vs leaders.jpeg, url=https://s3-ap-northeast-1.amazonaws.com/complaindia.com/1440107231881/managers%20vs%20leaders.jpeg?AWSAccessKeyId=AKIAIESZWA4O2NVRCHHQ&Expires=1440108133&Signature=7cJqjLge9VyQd05PvCwn9m2eD54%3D
2015-08-20T21:52:26.705Z - info:  id=1440107544663/stand-up-04.jpg, url=https://s3-ap-northeast-1.amazonaws.com/complaindia.com/1440107544663/stand-up-04.jpg?AWSAccessKeyId=AKIAIESZWA4O2NVRCHHQ&Expires=1440108446&Signature=4ZDbk1OFG%2FaMCKUsbLOLvIY5uK0%3D
2015-09-05T16:14:04.813Z - info: started
2015-09-05T16:16:48.164Z - info: started
2015-09-05T17:40:52.791Z - info: started
2015-09-05T17:44:02.703Z - info: started
2015-09-05T17:46:40.387Z - info: started
2015-09-05T17:50:29.978Z - info: started
2015-09-05T17:52:14.501Z - info:  id=1441475531495/managers vs leaders.jpeg, url=https://s3-ap-northeast-1.amazonaws.com/complaindia.com/1441475531495/managers%20vs%20leaders.jpeg?AWSAccessKeyId=AKIAIESZWA4O2NVRCHHQ&Expires=1441476434&Signature=aj1VRqSJGHXi%2BIb5DXsQO3BE6sI%3D
2015-09-05T17:54:52.334Z - info:  id=1441475690401/976882bca1757b70f96517593bc5150e.jpg, url=https://s3-ap-northeast-1.amazonaws.com/complaindia.com/1441475690401/976882bca1757b70f96517593bc5150e.jpg?AWSAccessKeyId=AKIAIESZWA4O2NVRCHHQ&Expires=1441476592&Signature=pIAzfOsxfBH1QJskPw480VziaTI%3D
2015-09-05T17:57:10.634Z - info:  id=1441475829047/managers vs leaders.jpeg, url=https://s3-ap-northeast-1.amazonaws.com/complaindia.com/1441475829047/managers%20vs%20leaders.jpeg?AWSAccessKeyId=AKIAIESZWA4O2NVRCHHQ&Expires=1441476730&Signature=4D0Sov%2FjjlfukDd9%2BpQifyyTW%2Fw%3D
2015-09-05T18:39:03.590Z - info: started
2015-09-05T18:39:59.598Z - info:  id=1441478396828/managers vs leaders.jpeg, url=https://s3-ap-northeast-1.amazonaws.com/complaindia.com/1441478396828/managers%20vs%20leaders.jpeg?AWSAccessKeyId=AKIAIESZWA4O2NVRCHHQ&Expires=1441479299&Signature=WMRZwwmE3bTnm5xX4AhAiWMmQb4%3D
2015-09-05T19:50:10.364Z - info:  id=1441482608937/managers vs leaders.jpeg, url=https://s3-ap-northeast-1.amazonaws.com/complaindia.com/1441482608937/managers%20vs%20leaders.jpeg?AWSAccessKeyId=AKIAIESZWA4O2NVRCHHQ&Expires=1441483510&Signature=zxZ3nassnfIAxaW5Pwcd72tNdJQ%3D
2015-09-05T19:54:16.516Z - info:  id=1441482854995/managers vs leaders.jpeg, url=https://s3-ap-northeast-1.amazonaws.com/complaindia.com/1441482854995/managers%20vs%20leaders.jpeg?AWSAccessKeyId=AKIAIESZWA4O2NVRCHHQ&Expires=1441483756&Signature=4kVKJ2AQWXKUg4%2FmJPwz5uvy3bk%3D
2015-09-05T20:09:20.359Z - info:  id=1441483758984/managers vs leaders.jpeg, url=https://s3-ap-northeast-1.amazonaws.com/complaindia.com/1441483758984/managers%20vs%20leaders.jpeg?AWSAccessKeyId=AKIAIESZWA4O2NVRCHHQ&Expires=1441484660&Signature=qNARLJZUPc5G%2FpY73XgSFdABRl4%3D
2015-09-05T20:11:52.484Z - info:  id=1441483909880/managers vs leaders.jpeg, url=https://s3-ap-northeast-1.amazonaws.com/complaindia.com/1441483909880/managers%20vs%20leaders.jpeg?AWSAccessKeyId=AKIAIESZWA4O2NVRCHHQ&Expires=1441484812&Signature=3eqRPXwO%2FIZBurpa5IFINq0%2BSi0%3D
2015-09-05T20:17:49.745Z - info:  id=1441484268283/stand-up-04.jpg, url=https://s3-ap-northeast-1.amazonaws.com/complaindia.com/1441484268283/stand-up-04.jpg?AWSAccessKeyId=AKIAIESZWA4O2NVRCHHQ&Expires=1441485169&Signature=YU3uvVpw9dtY1Nc7%2F8W5s7xsbtc%3D
2015-09-05T20:20:59.653Z - info:  id=1441484457913/RoyReid.ca-Procrasturbation-404.jpg, url=https://s3-ap-northeast-1.amazonaws.com/complaindia.com/1441484457913/RoyReid.ca-Procrasturbation-404.jpg?AWSAccessKeyId=AKIAIESZWA4O2NVRCHHQ&Expires=1441485359&Signature=F0tnu016qwKfVaOQY4n%2FTrnwuS0%3D
2015-09-05T20:36:10.378Z - info: started
2015-09-05T20:39:12.875Z - info: started
